<?xml version="1.0" encoding="UTF-8"?>
<testng-results ignored="0" total="2" passed="2" failed="0" skipped="0">
  <reporter-output>
  </reporter-output>
  <suite started-at="2022-08-16T11:20:28 IST" name="Default suite" finished-at="2022-08-16T11:20:28 IST" duration-ms="235">
    <groups>
    </groups>
    <test started-at="2022-08-16T11:20:28 IST" name="Default test" finished-at="2022-08-16T11:20:28 IST" duration-ms="235">
      <class name="first.Jenkin1">
        <test-method signature="display()[pri:0, instance:first.Jenkin1@28d18df5]" started-at="2022-08-16T11:20:28 IST" name="display" finished-at="2022-08-16T11:20:28 IST" duration-ms="100" status="PASS">
          <reporter-output>
          </reporter-output>
        </test-method> <!-- display -->
        <test-method signature="sub()[pri:0, instance:first.Jenkin1@28d18df5]" started-at="2022-08-16T11:20:28 IST" name="sub" finished-at="2022-08-16T11:20:28 IST" duration-ms="4" status="PASS">
          <reporter-output>
          </reporter-output>
        </test-method> <!-- sub -->
      </class> <!-- first.Jenkin1 -->
    </test> <!-- Default test -->
  </suite> <!-- Default suite -->
</testng-results>
